app/build/intermediates/manifest_merge_blame_file/debug/manifest-merger-blame-debug-report.txt
1<?xml version="1.0" encoding="utf-8"?>
2<manifest xmlns:android="http://schemas.android.com/apk/res/android"
3    package="com.example.coffeeapp"
4    android:versionCode="1"
5    android:versionName="1.0" >
6
7    <uses-sdk
8        android:minSdkVersion="19"
8-->src\main\AndroidManifest.xml
9        android:targetSdkVersion="30" />
9-->src\main\AndroidManifest.xml
10
11    <uses-permission android:name="android.permission.CALL_PHONE" />
11-->src\main\AndroidManifest.xml:5:5-68
11-->src\main\AndroidManifest.xml:5:22-66
12    <uses-permission android:name="android.permission.CAMERA" />
12-->src\main\AndroidManifest.xml:9:5-65
12-->src\main\AndroidManifest.xml:9:22-62
13    <uses-permission android:name="android.permission.WRITE_EXTERNAL_STORAGE" />
13-->src\main\AndroidManifest.xml:10:5-81
13-->src\main\AndroidManifest.xml:10:22-78
14
15    <uses-feature android:name="android.hardware.camera" />
15-->src\main\AndroidManifest.xml:12:5-60
15-->src\main\AndroidManifest.xml:12:19-57
16    <uses-feature android:name="android.hardware.camera.autofocus" />
16-->src\main\AndroidManifest.xml:13:5-70
16-->src\main\AndroidManifest.xml:13:19-67
17
18    <uses-permission android:name="com.google.android.providers.gsf.permission.READ_GSERVICES" />
18-->src\main\AndroidManifest.xml:15:5-98
18-->src\main\AndroidManifest.xml:15:22-95
19
20    <application
20-->src\main\AndroidManifest.xml:17:5-44:19
21        android:allowBackup="true"
21-->src\main\AndroidManifest.xml:18:9-35
22        android:appComponentFactory="androidx.core.app.CoreComponentFactory"
22-->[androidx.core:core:1.3.1] AndroidManifest.xml:24:18-86
23        android:debuggable="true"
24        android:icon="@mipmap/ic_launcher"
24-->src\main\AndroidManifest.xml:19:9-43
25        android:label="@string/app_name"
25-->src\main\AndroidManifest.xml:20:9-41
26        android:roundIcon="@mipmap/ic_launcher_round"
26-->src\main\AndroidManifest.xml:21:9-54
27        android:supportsRtl="true"
27-->src\main\AndroidManifest.xml:22:9-35
28        android:testOnly="true"
29        android:theme="@style/AppTheme" >
29-->src\main\AndroidManifest.xml:23:9-40
30        <activity android:name="com.example.coffeeapp.ui.cosiness.AddActivity" />
30-->src\main\AndroidManifest.xml:24:9-70
30-->src\main\AndroidManifest.xml:24:19-58
31        <activity
31-->src\main\AndroidManifest.xml:26:9-28:73
32            android:name="com.example.coffeeapp.ui.cosiness.CosinessActivity"
32-->src\main\AndroidManifest.xml:26:19-63
33            android:parentActivityName="com.example.coffeeapp.MainActivity"
33-->src\main\AndroidManifest.xml:27:13-55
34            android:theme="@style/Theme.AppCompat.Light.DarkActionBar" />
34-->src\main\AndroidManifest.xml:28:13-71
35        <activity android:name="com.example.coffeeapp.ui.instruments.roast.RoastActivity" />
35-->src\main\AndroidManifest.xml:29:9-72
35-->src\main\AndroidManifest.xml:29:19-69
36        <activity android:name="com.example.coffeeapp.ui.instruments.parts.PartsActivity" />
36-->src\main\AndroidManifest.xml:30:9-72
36-->src\main\AndroidManifest.xml:30:19-69
37        <activity android:name="com.example.coffeeapp.ui.instruments.accessories.AccessorsActivity" />
37-->src\main\AndroidManifest.xml:31:9-82
37-->src\main\AndroidManifest.xml:31:19-79
38        <activity android:name="com.example.coffeeapp.ui.instruments.coffemol.CoffeeMolActivity" />
38-->src\main\AndroidManifest.xml:32:9-79
38-->src\main\AndroidManifest.xml:32:19-76
39        <activity android:name="com.example.coffeeapp.ui.instruments.coffeemachine.MainActivity2" />
39-->src\main\AndroidManifest.xml:33:9-80
39-->src\main\AndroidManifest.xml:33:19-77
40        <activity
40-->src\main\AndroidManifest.xml:34:9-43:20
41            android:name="com.example.coffeeapp.MainActivity"
41-->src\main\AndroidManifest.xml:35:13-41
42            android:label="@string/app_name"
42-->src\main\AndroidManifest.xml:36:13-45
43            android:theme="@style/AppTheme.NoActionBar" >
43-->src\main\AndroidManifest.xml:37:13-56
44            <intent-filter>
44-->src\main\AndroidManifest.xml:38:13-42:29
45                <action android:name="android.intent.action.MAIN" />
45-->src\main\AndroidManifest.xml:39:17-69
45-->src\main\AndroidManifest.xml:39:25-66
46
47                <category android:name="android.intent.category.LAUNCHER" />
47-->src\main\AndroidManifest.xml:41:17-77
47-->src\main\AndroidManifest.xml:41:27-74
48            </intent-filter>
49        </activity>
50
51        <service
51-->[androidx.room:room-runtime:2.2.5] AndroidManifest.xml:25:9-28:40
52            android:name="androidx.room.MultiInstanceInvalidationService"
52-->[androidx.room:room-runtime:2.2.5] AndroidManifest.xml:26:13-74
53            android:directBootAware="true"
53-->[androidx.room:room-runtime:2.2.5] AndroidManifest.xml:27:13-43
54            android:exported="false" />
54-->[androidx.room:room-runtime:2.2.5] AndroidManifest.xml:28:13-37
55
56        <provider
56-->[androidx.lifecycle:lifecycle-process:2.2.0] AndroidManifest.xml:25:9-29:43
57            android:name="androidx.lifecycle.ProcessLifecycleOwnerInitializer"
57-->[androidx.lifecycle:lifecycle-process:2.2.0] AndroidManifest.xml:26:13-79
58            android:authorities="com.example.coffeeapp.lifecycle-process"
58-->[androidx.lifecycle:lifecycle-process:2.2.0] AndroidManifest.xml:27:13-69
59            android:exported="false"
59-->[androidx.lifecycle:lifecycle-process:2.2.0] AndroidManifest.xml:28:13-37
60            android:multiprocess="true" />
60-->[androidx.lifecycle:lifecycle-process:2.2.0] AndroidManifest.xml:29:13-40
61    </application>
62
63</manifest>